<?xml version="1.0" encoding="UTF-8"?>
<!-- Generated by org.testng.reporters.JUnitReportReporter -->
<testsuite hostname="DESKTOP-CKD7S6E" failures="0" tests="3" name="tests.UserMenuTest" time="46.424" errors="0" timestamp="2023-09-03T21:39:32 CDT" skipped="0">
  <testcase classname="tests.UserMenuTest" name="userMenuDropDown_TC09" time="3.519"/>
  <system-out/>
  <testcase classname="tests.UserMenuTest" name="userMenuDropDown_TC06" time="39.932"/>
  <system-out/>
  <testcase classname="tests.UserMenuTest" name="userMenuDropDown_TC08" time="2.973"/>
  <system-out/>
</testsuite> <!-- tests.UserMenuTest -->
