<?xml version="1.0" encoding="UTF-8"?>
<!-- Generated by org.testng.reporters.JUnitReportReporter -->
<testsuite hostname="DESKTOP-CKD7S6E" failures="0" tests="1" name="tests.UserMenuTest" time="2.040" errors="0" timestamp="2023-08-31T02:55:22 CDT" skipped="0">
  <testcase classname="tests.UserMenuTest" name="userMenuDropDown_TC08" time="2.040"/>
  <system-out/>
</testsuite> <!-- tests.UserMenuTest -->
