<?xml version="1.0" encoding="UTF-8"?>
<!-- Generated by org.testng.reporters.JUnitReportReporter -->
<testsuite hostname="DESKTOP-CKD7S6E" failures="0" tests="1" name="demo.TestNgDemo" time="3.172" errors="0" timestamp="2023-08-20T20:15:39 CDT" skipped="0">
  <testcase classname="demo.TestNgDemo" name="search" time="3.172"/>
  <system-out/>
</testsuite> <!-- demo.TestNgDemo -->
