<?xml version="1.0" encoding="UTF-8"?>
<!-- Generated by org.testng.reporters.JUnitReportReporter -->
<testsuite hostname="DESKTOP-CKD7S6E" failures="0" tests="3" name="tests.UserMenuTest" time="40.271" errors="0" timestamp="2023-09-05T12:57:43 CDT" skipped="0">
  <testcase classname="tests.UserMenuTest" name="userMenuDropDown_TC09" time="1.990"/>
  <system-out/>
  <testcase classname="tests.UserMenuTest" name="userMenuDropDown_TC08" time="1.759"/>
  <system-out/>
  <testcase classname="tests.UserMenuTest" name="userMenuDropDown_TC06" time="36.522"/>
  <system-out/>
</testsuite> <!-- tests.UserMenuTest -->
