<?xml version="1.0" encoding="UTF-8"?>
<!-- Generated by org.testng.reporters.JUnitReportReporter -->
<testsuite hostname="DESKTOP-CKD7S6E" failures="0" tests="1" name="tests.AccountsTest" time="7.270" errors="0" timestamp="2023-09-12T11:26:33 CDT" skipped="0">
  <testcase classname="tests.AccountsTest" name="accountsTest_TC14" time="7.270"/>
  <system-out/>
</testsuite> <!-- tests.AccountsTest -->
