<?xml version="1.0" encoding="UTF-8"?>
<!-- Generated by org.testng.reporters.JUnitReportReporter -->
<testsuite hostname="DESKTOP-CKD7S6E" failures="0" tests="5" name="tests.OpportunitiesTest" time="13.103" errors="0" timestamp="2023-10-10T18:21:11 CDT" skipped="0">
  <testcase classname="tests.OpportunitiesTest" name="opportunitiesTest_TC15" time="5.142"/>
  <system-out/>
  <testcase classname="tests.OpportunitiesTest" name="opportunitiesTest_TC19" time="1.221"/>
  <system-out/>
  <testcase classname="tests.OpportunitiesTest" name="opportunitiesTest_TC17" time="2.624"/>
  <system-out/>
  <testcase classname="tests.OpportunitiesTest" name="opportunitiesTest_TC16" time="2.360"/>
  <system-out/>
  <testcase classname="tests.OpportunitiesTest" name="opportunitiesTest_TC18" time="1.756"/>
  <system-out/>
</testsuite> <!-- tests.OpportunitiesTest -->
