<?xml version="1.0" encoding="UTF-8"?>
<!-- Generated by org.testng.reporters.JUnitReportReporter -->
<testsuite hostname="DESKTOP-CKD7S6E" failures="0" tests="1" name="demo.XETest" time="32.411" errors="0" timestamp="2023-08-28T04:38:46 CDT" skipped="0">
  <testcase classname="demo.XETest" name="xetest" time="32.411"/>
  <system-out/>
</testsuite> <!-- demo.XETest -->
