<?xml version="1.0" encoding="UTF-8"?>
<!-- Generated by org.testng.reporters.JUnitReportReporter -->
<testsuite hostname="DESKTOP-CKD7S6E" failures="0" tests="1" name="tests.ContactsTest" time="6.981" errors="0" timestamp="2023-09-14T21:29:44 CDT" skipped="0">
  <testcase classname="tests.ContactsTest" name="contactsTest_TC32" time="6.981"/>
  <system-out/>
</testsuite> <!-- tests.ContactsTest -->
