<?xml version="1.0" encoding="UTF-8"?>
<!-- Generated by org.testng.reporters.JUnitReportReporter -->
<testsuite hostname="DESKTOP-CKD7S6E" failures="0" tests="5" name="tests.OpportunitiesTest" time="17.534" errors="0" timestamp="2023-09-13T20:10:57 CDT" skipped="0">
  <testcase classname="tests.OpportunitiesTest" name="opportunitiesTest_TC17" time="2.025"/>
  <system-out/>
  <testcase classname="tests.OpportunitiesTest" name="opportunitiesTest_TC19" time="3.612"/>
  <system-out/>
  <testcase classname="tests.OpportunitiesTest" name="opportunitiesTest_TC18" time="4.926"/>
  <system-out/>
  <testcase classname="tests.OpportunitiesTest" name="opportunitiesTest_TC16" time="2.528"/>
  <system-out/>
  <testcase classname="tests.OpportunitiesTest" name="opportunitiesTest_TC15" time="4.443"/>
  <system-out/>
</testsuite> <!-- tests.OpportunitiesTest -->
