<?xml version="1.0" encoding="UTF-8"?>
<!-- Generated by org.testng.reporters.JUnitReportReporter -->
<testsuite hostname="DESKTOP-CKD7S6E" failures="0" tests="1" name="demo.TestNgDemo" time="6.706" errors="0" timestamp="2023-08-28T00:52:18 CDT" skipped="0">
  <testcase classname="demo.TestNgDemo" name="search" time="6.706"/>
  <system-out/>
</testsuite> <!-- demo.TestNgDemo -->
