<?xml version="1.0" encoding="UTF-8"?>
<!-- Generated by org.testng.reporters.JUnitReportReporter -->
<testsuite hostname="DESKTOP-CKD7S6E" failures="0" tests="1" name="tests.LeadsTest" time="9.777" errors="0" timestamp="2023-09-13T20:20:25 CDT" skipped="0">
  <testcase classname="tests.LeadsTest" name="opportunitiesTest_TC24" time="9.777"/>
  <system-out/>
</testsuite> <!-- tests.LeadsTest -->
