<?xml version="1.0" encoding="UTF-8"?>
<!-- Generated by org.testng.reporters.JUnitReportReporter -->
<testsuite hostname="DESKTOP-CKD7S6E" failures="0" tests="5" name="tests.OpportunitiesTest" time="23.747" errors="0" timestamp="2023-10-13T03:18:04 CDT" skipped="0">
  <testcase classname="tests.OpportunitiesTest" name="opportunitiesTest_TC19" time="7.407"/>
  <system-out/>
  <testcase classname="tests.OpportunitiesTest" name="opportunitiesTest_TC16" time="4.592"/>
  <system-out/>
  <testcase classname="tests.OpportunitiesTest" name="opportunitiesTest_TC18" time="3.942"/>
  <system-out/>
  <testcase classname="tests.OpportunitiesTest" name="opportunitiesTest_TC17" time="3.714"/>
  <system-out/>
  <testcase classname="tests.OpportunitiesTest" name="opportunitiesTest_TC15" time="4.092"/>
  <system-out/>
</testsuite> <!-- tests.OpportunitiesTest -->
